<?xml version="1.0" encoding="UTF-8"?>
<testsuite name="com.pivotal.MessageServiceIT" tests="1" skipped="0" failures="0" errors="0" timestamp="2019-10-03T23:00:38" hostname="Satyanarayanas-MacBook-Pro.local" time="0.02">
  <properties/>
  <testcase name="getMessage_ShouldReturnMessage" classname="com.pivotal.MessageServiceIT" time="0.02"/>
  <system-out><![CDATA[]]></system-out>
  <system-err><![CDATA[]]></system-err>
</testsuite>
